Arguments: 
  C:\Program Files\nodejs\node.exe C:\Users\user\AppData\Roaming\npm\node_modules\yarn\bin\yarn.js install

PATH: 
  C:\Users\user\Downloads\3404.mVoIP SDK-20200717\electron_url_loader\node_modules\.bin;C:\Program Files (x86)\Intel\Intel(R) Management Engine Components\iCLS\;C:\Program Files\Intel\Intel(R) Management Engine Components\iCLS\;C:\WINDOWS\system32;C:\WINDOWS;C:\WINDOWS\System32\Wbem;C:\WINDOWS\System32\WindowsPowerShell\v1.0\;C:\WINDOWS\System32\OpenSSH\;C:\Program Files (x86)\Intel\Intel(R) Management Engine Components\DAL;C:\Program Files\Intel\Intel(R) Management Engine Components\DAL;C:\Program Files\Git\cmd;C:\Program Files\nodejs\;C:\Program Files\SafeNet\Authentication\SAC\x64;C:\Program Files\SafeNet\Authentication\SAC\x32;C:\Program Files\dotnet\;C:\Program Files\Microsoft SQL Server\130\Tools\Binn\;C:\Program Files\Microsoft SQL Server\Client SDK\ODBC\170\Tools\Binn\;C:\Users\user\.windows-build-tools\python27\;C:\Users\user\AppData\Local\Microsoft\WindowsApps;;C:\Users\user\AppData\Local\Programs\Microsoft VS Code\bin;C:\Users\user\AppData\Roaming\npm;%USERPROFILE%\AppData\Local\Microsoft\WindowsApps

Yarn version: 
  1.22.0

Node version: 
  12.15.0

Platform: 
  win32 x64

Trace: 
  Error: Client network socket disconnected before secure TLS connection was established
      at connResetException (internal/errors.js:570:14)
      at TLSSocket.onConnectEnd (_tls_wrap.js:1361:19)
      at Object.onceWrapper (events.js:312:28)
      at TLSSocket.emit (events.js:228:7)
      at endReadableNT (_stream_readable.js:1185:12)
      at processTicksAndRejections (internal/process/task_queues.js:81:21)

npm manifest: 
  {
      "name": "electron_url_loader",
      "version": "1.0.0",
      "description": "",
      "main": "main.js",
      "scripts": {
          "start": "electron ."
      },
      "author": "daehyun_ryu",
      "license": "KOLON, ltd.",
      "devDependencies": {
          "electron": "6.1.5",
          "electron-builder": "^22.7.0"
      },
      "dependencies": {
      }
  }

yarn manifest: 
  No manifest

Lockfile: 
  No lockfile
